890432719
627505107
551132064
348113533
345444397
152825064
119237737
264464994
645224468
526375729
892586689
098335923
433934062
390463305
084750559
449017669
288889493
531560324
149440313
228334722
171130574
587003378
208353915
444952629
527421111
649758707
552982441
900201063
011127853
875843477
137948647
109883749
435444650
743915435
352585113
060032791
243523982
409489766
406327347
000342981
990841273
261107441
496461993
475341736
707532562
420433374
951037496
574888306
837016908
949053981
024582844
233338207
716780565
814434770
849238248
860918733
260638917
008167019
790151509
926743086
759915838
243302354
434288315
304065081
100006930
114565009
590195901
630452570
980964379
362264968
127094037
008113760
781649709
713988432
414542245
086596260
479993812
499888175
451312547
287711815
812059102
414036568
186429546
208506239
005099820
128080715
464154898
191437809
127159638
686645893
270267174
183082620
320702991
699653058
094202692
886305827
878919238
163369138
556489551
213544761
384755287
249348104
883420597
323968338
788912991
546076916
452275872
889579139
576844895
134378461
522178079
272228450
242042163
411309562
905715759
851745496
331593362
266778120
388560156
696050735
026304139
984436850
780359397
620746512
774989011
327206718
066662736
702479655
